<?xml version="1.0" encoding="UTF-8"?>
<!-- Generated by org.testng.reporters.JUnitXMLReporter -->
<testsuite hostname="DLLA06P3273" name="Test" tests="10" failures="0" timestamp="11 May 2020 14:48:52 GMT" time="340.49" errors="0">
  <testcase name="Step1_Verify_User_is_On_Application" time="4.66" classname="AppiumTests.GeneralStore.test.GeneralStoreBasicTest2"/>
  <testcase name="Step2_Verify_User_is_Able_To_Login" time="17.76" classname="AppiumTests.GeneralStore.test.GeneralStoreBasicTest2"/>
  <testcase name="Step3_Verify_Error_Message_On_Incorrect_Info" time="6.916" classname="AppiumTests.GeneralStore.test.GeneralStoreBasicTest2"/>
  <testcase name="Step4_Verify_User_Able_To_Add_Product_To_Cart" time="19.029" classname="AppiumTests.GeneralStore.test.GeneralStoreBasicTest2"/>
  <testcase name="Step5_Verify_User_Able_To_Add_Multiple_Project_And_CheckOut_Ammount" time="18.376" classname="AppiumTests.GeneralStore.test.GeneralStoreBasicTest2"/>
  <testcase name="Step6_Verify_Price_Of_Product_On_Check_Out_Page" time="0.199" classname="AppiumTests.GeneralStore.test.GeneralStoreBasicTest2"/>
  <testcase name="Step7_Verify_Terms_And_Conditions_On_Check_Out_Page" time="14.525" classname="AppiumTests.GeneralStore.test.GeneralStoreBasicTest2"/>
  <testcase name="Step8_Click_Send_Me_Email_And_Verify_Satus" time="0.795" classname="AppiumTests.GeneralStore.test.GeneralStoreBasicTest2"/>
  <testcase name="Step9_Click_Visit_To_Website_Button" time="0.134" classname="AppiumTests.GeneralStore.test.GeneralStoreBasicTest2"/>
  <testcase name="Step10_Switch_To_Web_View" time="23.378" classname="AppiumTests.GeneralStore.test.GeneralStoreBasicTest2"/>
</testsuite> <!-- Test -->
