<?xml version="1.0" encoding="UTF-8"?>
<!-- Generated by org.testng.reporters.JUnitXMLReporter -->
<testsuite hostname="DLLA06P3273" ignored="0" name="Tests" tests="20" failures="0" timestamp="07 Jun 2020 08:16:02 GMT" time="605.72" errors="0">
  <testcase name="Step10_Switch_To_Web_View" time="0.374" classname="AppiumTests.GeneralStore.test.GeneralStoreBasicTest2"/>
  <testcase name="Step1_Verify_User_is_On_Application" time="3.872" classname="AppiumTests.GeneralStore.test.GeneralStoreBasicTest2"/>
  <testcase name="Step2_Verify_User_is_Able_To_Login" time="22.394" classname="AppiumTests.GeneralStore.test.GeneralStoreBasicTest2"/>
  <testcase name="Step3_Verify_Error_Message_On_Incorrect_Info" time="7.441" classname="AppiumTests.GeneralStore.test.GeneralStoreBasicTest2"/>
  <testcase name="Step4_Verify_User_Able_To_Add_Product_To_Cart" time="26.558" classname="AppiumTests.GeneralStore.test.GeneralStoreBasicTest2"/>
  <testcase name="Step5_Verify_User_Able_To_Add_Multiple_Project_And_CheckOut_Ammount" time="25.484" classname="AppiumTests.GeneralStore.test.GeneralStoreBasicTest2"/>
  <testcase name="Step6_Verify_Price_Of_Product_On_Check_Out_Page" time="0.347" classname="AppiumTests.GeneralStore.test.GeneralStoreBasicTest2"/>
  <testcase name="Step7_Verify_Terms_And_Conditions_On_Check_Out_Page" time="14.966" classname="AppiumTests.GeneralStore.test.GeneralStoreBasicTest2"/>
  <testcase name="Step8_Click_Send_Me_Email_And_Verify_Satus" time="1.134" classname="AppiumTests.GeneralStore.test.GeneralStoreBasicTest2"/>
  <testcase name="Step9_Click_Visit_To_Website_Button" time="0.259" classname="AppiumTests.GeneralStore.test.GeneralStoreBasicTest2"/>
  <testcase name="Step10_Switch_To_Web_View" time="0.0" classname="AppiumTests.GeneralStore.test.GeneralStoreBasicTest"/>
  <testcase name="Step1_Verify_User_is_On_Application" time="4.654" classname="AppiumTests.GeneralStore.test.GeneralStoreBasicTest"/>
  <testcase name="Step2_Verify_User_is_Able_To_Login" time="21.637" classname="AppiumTests.GeneralStore.test.GeneralStoreBasicTest"/>
  <testcase name="Step3_Verify_Error_Message_On_Incorrect_Info" time="7.97" classname="AppiumTests.GeneralStore.test.GeneralStoreBasicTest"/>
  <testcase name="Step4_Verify_User_Able_To_Add_Product_To_Cart" time="22.998" classname="AppiumTests.GeneralStore.test.GeneralStoreBasicTest"/>
  <testcase name="Step5_Verify_User_Able_To_Add_Multiple_Project_And_CheckOut_Ammount" time="26.105" classname="AppiumTests.GeneralStore.test.GeneralStoreBasicTest"/>
  <testcase name="Step6_Verify_Price_Of_Product_On_Check_Out_Page" time="0.299" classname="AppiumTests.GeneralStore.test.GeneralStoreBasicTest"/>
  <testcase name="Step7_Verify_Terms_And_Conditions_On_Check_Out_Page" time="14.736" classname="AppiumTests.GeneralStore.test.GeneralStoreBasicTest"/>
  <testcase name="Step8_Click_Send_Me_Email_And_Verify_Satus" time="1.219" classname="AppiumTests.GeneralStore.test.GeneralStoreBasicTest"/>
  <testcase name="Step9_Click_Visit_To_Website_Button" time="0.293" classname="AppiumTests.GeneralStore.test.GeneralStoreBasicTest"/>
</testsuite> <!-- Tests -->
