<?xml version="1.0" encoding="UTF-8"?>
<!-- Generated by org.testng.reporters.JUnitXMLReporter -->
<testsuite hostname="DLLA06P3273" ignored="0" name="Test1" tests="20" failures="0" timestamp="07 Jun 2020 08:17:13 GMT" time="676.197" errors="0">
  <testcase name="Step10_Switch_To_Web_View" time="0.001" classname="AppiumTests.GeneralStore.test.GeneralStoreBasicTest2"/>
  <testcase name="Step1_Verify_User_is_On_Application" time="4.098" classname="AppiumTests.GeneralStore.test.GeneralStoreBasicTest2"/>
  <testcase name="Step2_Verify_User_is_Able_To_Login" time="21.825" classname="AppiumTests.GeneralStore.test.GeneralStoreBasicTest2"/>
  <testcase name="Step3_Verify_Error_Message_On_Incorrect_Info" time="7.832" classname="AppiumTests.GeneralStore.test.GeneralStoreBasicTest2"/>
  <testcase name="Step4_Verify_User_Able_To_Add_Product_To_Cart" time="26.446" classname="AppiumTests.GeneralStore.test.GeneralStoreBasicTest2"/>
  <testcase name="Step5_Verify_User_Able_To_Add_Multiple_Project_And_CheckOut_Ammount" time="26.219" classname="AppiumTests.GeneralStore.test.GeneralStoreBasicTest2"/>
  <testcase name="Step6_Verify_Price_Of_Product_On_Check_Out_Page" time="0.29" classname="AppiumTests.GeneralStore.test.GeneralStoreBasicTest2"/>
  <testcase name="Step7_Verify_Terms_And_Conditions_On_Check_Out_Page" time="15.203" classname="AppiumTests.GeneralStore.test.GeneralStoreBasicTest2"/>
  <testcase name="Step8_Click_Send_Me_Email_And_Verify_Satus" time="1.136" classname="AppiumTests.GeneralStore.test.GeneralStoreBasicTest2"/>
  <testcase name="Step9_Click_Visit_To_Website_Button" time="0.224" classname="AppiumTests.GeneralStore.test.GeneralStoreBasicTest2"/>
  <testcase name="Step10_Switch_To_Web_View" time="0.0" classname="AppiumTests.GeneralStore.test.GeneralStoreBasicTest"/>
  <testcase name="Step1_Verify_User_is_On_Application" time="3.164" classname="AppiumTests.GeneralStore.test.GeneralStoreBasicTest"/>
  <testcase name="Step2_Verify_User_is_Able_To_Login" time="19.433" classname="AppiumTests.GeneralStore.test.GeneralStoreBasicTest"/>
  <testcase name="Step3_Verify_Error_Message_On_Incorrect_Info" time="7.476" classname="AppiumTests.GeneralStore.test.GeneralStoreBasicTest"/>
  <testcase name="Step4_Verify_User_Able_To_Add_Product_To_Cart" time="20.628" classname="AppiumTests.GeneralStore.test.GeneralStoreBasicTest"/>
  <testcase name="Step5_Verify_User_Able_To_Add_Multiple_Project_And_CheckOut_Ammount" time="18.459" classname="AppiumTests.GeneralStore.test.GeneralStoreBasicTest"/>
  <testcase name="Step6_Verify_Price_Of_Product_On_Check_Out_Page" time="0.238" classname="AppiumTests.GeneralStore.test.GeneralStoreBasicTest"/>
  <testcase name="Step7_Verify_Terms_And_Conditions_On_Check_Out_Page" time="14.332" classname="AppiumTests.GeneralStore.test.GeneralStoreBasicTest"/>
  <testcase name="Step8_Click_Send_Me_Email_And_Verify_Satus" time="0.843" classname="AppiumTests.GeneralStore.test.GeneralStoreBasicTest"/>
  <testcase name="Step9_Click_Visit_To_Website_Button" time="0.151" classname="AppiumTests.GeneralStore.test.GeneralStoreBasicTest"/>
</testsuite> <!-- Test1 -->
