<?xml version="1.0" encoding="UTF-8"?>
<testsuite xmlns:xsi="http://www.w3.org/2001/XMLSchema-instance" xsi:noNamespaceSchemaLocation="https://maven.apache.org/surefire/maven-surefire-plugin/xsd/surefire-test-report.xsd" name="TestSuite" time="678.516" tests="40" errors="0" skipped="0" failures="0">
  <properties>
[...]
</properties>
  <testcase name="Step10_Switch_To_Web_View" classname="AppiumTests.GeneralStore.test.GeneralStoreBasicTest2" time="0.911"/>
  <testcase name="Step10_Switch_To_Web_View" classname="AppiumTests.GeneralStore.test.GeneralStoreBasicTest2" time="0.015"/>
  <testcase name="Step1_Verify_User_is_On_Application" classname="AppiumTests.GeneralStore.test.GeneralStoreBasicTest2" time="3.839"/>
  <testcase name="Step1_Verify_User_is_On_Application" classname="AppiumTests.GeneralStore.test.GeneralStoreBasicTest2" time="3.759"/>
  <testcase name="Step2_Verify_User_is_Able_To_Login" classname="AppiumTests.GeneralStore.test.GeneralStoreBasicTest2" time="21.054"/>
  <testcase name="Step2_Verify_User_is_Able_To_Login" classname="AppiumTests.GeneralStore.test.GeneralStoreBasicTest2" time="13.056"/>
  <testcase name="Step3_Verify_Error_Message_On_Incorrect_Info" classname="AppiumTests.GeneralStore.test.GeneralStoreBasicTest2" time="7.419"/>
  <testcase name="Step3_Verify_Error_Message_On_Incorrect_Info" classname="AppiumTests.GeneralStore.test.GeneralStoreBasicTest2" time="7.833"/>
  <testcase name="Step4_Verify_User_Able_To_Add_Product_To_Cart" classname="AppiumTests.GeneralStore.test.GeneralStoreBasicTest2" time="26.533"/>
  <testcase name="Step4_Verify_User_Able_To_Add_Product_To_Cart" classname="AppiumTests.GeneralStore.test.GeneralStoreBasicTest2" time="26.429"/>
  <testcase name="Step5_Verify_User_Able_To_Add_Multiple_Project_And_CheckOut_Ammount" classname="AppiumTests.GeneralStore.test.GeneralStoreBasicTest2" time="27.382"/>
  <testcase name="Step5_Verify_User_Able_To_Add_Multiple_Project_And_CheckOut_Ammount" classname="AppiumTests.GeneralStore.test.GeneralStoreBasicTest2" time="3.916"/>
  <testcase name="Step6_Verify_Price_Of_Product_On_Check_Out_Page" classname="AppiumTests.GeneralStore.test.GeneralStoreBasicTest2" time="1.408"/>
  <testcase name="Step6_Verify_Price_Of_Product_On_Check_Out_Page" classname="AppiumTests.GeneralStore.test.GeneralStoreBasicTest2" time="0.408"/>
  <testcase name="Step7_Verify_Terms_And_Conditions_On_Check_Out_Page" classname="AppiumTests.GeneralStore.test.GeneralStoreBasicTest2" time="6.931"/>
  <testcase name="Step7_Verify_Terms_And_Conditions_On_Check_Out_Page" classname="AppiumTests.GeneralStore.test.GeneralStoreBasicTest2" time="12.774"/>
  <testcase name="Step8_Click_Send_Me_Email_And_Verify_Satus" classname="AppiumTests.GeneralStore.test.GeneralStoreBasicTest2" time="1.192"/>
  <testcase name="Step8_Click_Send_Me_Email_And_Verify_Satus" classname="AppiumTests.GeneralStore.test.GeneralStoreBasicTest2" time="1.124"/>
  <testcase name="Step9_Click_Visit_To_Website_Button" classname="AppiumTests.GeneralStore.test.GeneralStoreBasicTest2" time="0.951"/>
  <testcase name="Step9_Click_Visit_To_Website_Button" classname="AppiumTests.GeneralStore.test.GeneralStoreBasicTest2" time="0.163"/>
  <testcase name="Step10_Switch_To_Web_View" classname="AppiumTests.GeneralStore.test.GeneralStoreBasicTest" time="0.005"/>
  <testcase name="Step10_Switch_To_Web_View" classname="AppiumTests.GeneralStore.test.GeneralStoreBasicTest" time="0.011"/>
  <testcase name="Step1_Verify_User_is_On_Application" classname="AppiumTests.GeneralStore.test.GeneralStoreBasicTest" time="0.311"/>
  <testcase name="Step1_Verify_User_is_On_Application" classname="AppiumTests.GeneralStore.test.GeneralStoreBasicTest" time="3.078"/>
  <testcase name="Step2_Verify_User_is_Able_To_Login" classname="AppiumTests.GeneralStore.test.GeneralStoreBasicTest" time="7.072"/>
  <testcase name="Step2_Verify_User_is_Able_To_Login" classname="AppiumTests.GeneralStore.test.GeneralStoreBasicTest" time="14.613"/>
  <testcase name="Step3_Verify_Error_Message_On_Incorrect_Info" classname="AppiumTests.GeneralStore.test.GeneralStoreBasicTest" time="8.079"/>
  <testcase name="Step3_Verify_Error_Message_On_Incorrect_Info" classname="AppiumTests.GeneralStore.test.GeneralStoreBasicTest" time="7.708"/>
  <testcase name="Step4_Verify_User_Able_To_Add_Product_To_Cart" classname="AppiumTests.GeneralStore.test.GeneralStoreBasicTest" time="22.547"/>
  <testcase name="Step4_Verify_User_Able_To_Add_Product_To_Cart" classname="AppiumTests.GeneralStore.test.GeneralStoreBasicTest" time="20.201"/>
  <testcase name="Step5_Verify_User_Able_To_Add_Multiple_Project_And_CheckOut_Ammount" classname="AppiumTests.GeneralStore.test.GeneralStoreBasicTest" time="26.102"/>
  <testcase name="Step5_Verify_User_Able_To_Add_Multiple_Project_And_CheckOut_Ammount" classname="AppiumTests.GeneralStore.test.GeneralStoreBasicTest" time="18.448"/>
  <testcase name="Step6_Verify_Price_Of_Product_On_Check_Out_Page" classname="AppiumTests.GeneralStore.test.GeneralStoreBasicTest" time="0.273"/>
  <testcase name="Step6_Verify_Price_Of_Product_On_Check_Out_Page" classname="AppiumTests.GeneralStore.test.GeneralStoreBasicTest" time="0.23"/>
  <testcase name="Step7_Verify_Terms_And_Conditions_On_Check_Out_Page" classname="AppiumTests.GeneralStore.test.GeneralStoreBasicTest" time="3.376"/>
  <testcase name="Step7_Verify_Terms_And_Conditions_On_Check_Out_Page" classname="AppiumTests.GeneralStore.test.GeneralStoreBasicTest" time="14.328"/>
  <testcase name="Step8_Click_Send_Me_Email_And_Verify_Satus" classname="AppiumTests.GeneralStore.test.GeneralStoreBasicTest" time="1.411"/>
  <testcase name="Step8_Click_Send_Me_Email_And_Verify_Satus" classname="AppiumTests.GeneralStore.test.GeneralStoreBasicTest" time="0.836"/>
  <testcase name="Step9_Click_Visit_To_Website_Button" classname="AppiumTests.GeneralStore.test.GeneralStoreBasicTest" time="0.83"/>
  <testcase name="Step9_Click_Visit_To_Website_Button" classname="AppiumTests.GeneralStore.test.GeneralStoreBasicTest" time="0.181"/>
</testsuite>